<?xml version="1.0" encoding="UTF-8"?>
<!-- Generated by org.testng.reporters.JUnitReportReporter -->
<testsuite hostname="AM-E7450" name="example.NewTest" tests="1" failures="0" timestamp="7 Dec 2016 10:43:17 GMT" time="8.083" errors="0">
  <testcase name="testEasy" time="8.083" classname="example.NewTest"/>
</testsuite> <!-- example.NewTest -->
